This is pdfTeX, Version 3.14159265-2.6-1.40.20 (TeX Live 2019/Debian) (preloaded format=pdflatex 2019.12.4)  11 DEC 2019 00:41
entering extended mode
 restricted \write18 enabled.
 file:line:error style messages enabled.
 %&-line parsing enabled.
**/home/junyoung/cs_study/git/2048-Project/document.tex
(/home/junyoung/cs_study/git/2048-Project/document.tex
LaTeX2e <2018-12-01>
(/usr/share/texlive/texmf-dist/tex/latex/base/article.cls
Document Class: article 2018/09/03 v1.4i Standard LaTeX document class
(/usr/share/texlive/texmf-dist/tex/latex/base/size11.clo
File: size11.clo 2018/09/03 v1.4i Standard LaTeX file (size option)
)
\c@part=\count80
\c@section=\count81
\c@subsection=\count82
\c@subsubsection=\count83
\c@paragraph=\count84
\c@subparagraph=\count85
\c@figure=\count86
\c@table=\count87
\abovecaptionskip=\skip41
\belowcaptionskip=\skip42
\bibindent=\dimen102
) (/usr/share/texlive/texmf-dist/tex/latex/kotex-utf/dhucs.sty
Package: dhucs 2012/11/08 v5.3.2 typesetting UTF-8 Korean documents
 (/usr/share/texlive/texmf-dist/tex/latex/kotex-utf/kotexutf.sty
Package: kotexutf 2015/07/18 v2.1.1 typesetting UTF-8 Korean documents
 (/usr/share/texlive/texmf-dist/tex/latex/base/inputenc.sty
Package: inputenc 2018/08/11 v1.3c Input encoding file
\inpenc@prehook=\toks14
\inpenc@posthook=\toks15
) (/usr/share/texlive/texmf-dist/tex/plain/kotex-plain/kotexutf-core.tex
\unih@ngulpoint=\count88
\dhucs@emph@raise=\dimen103
)
Now handling font encoding LUC ...
... processing UTF-8 mapping file for font encoding LUC
 (/usr/share/texlive/texmf-dist/tex/latex/kotex-utf/lucenc.dfu
File: lucenc.dfu 2007/09/05 UTF-8 support for dhucs
   defining Unicode char U+00B7 (decimal 183)
   defining Unicode char U+2018 (decimal 8216)
   defining Unicode char U+2019 (decimal 8217)
   defining Unicode char U+201C (decimal 8220)
   defining Unicode char U+201D (decimal 8221)
   defining Unicode char U+3001 (decimal 12289)
   defining Unicode char U+3002 (decimal 12290)
   defining Unicode char U+3008 (decimal 12296)
   defining Unicode char U+3009 (decimal 12297)
   defining Unicode char U+300A (decimal 12298)
   defining Unicode char U+300B (decimal 12299)
   defining Unicode char U+300C (decimal 12300)
   defining Unicode char U+300D (decimal 12301)
   defining Unicode char U+300E (decimal 12302)
   defining Unicode char U+300F (decimal 12303)
   defining Unicode char U+3010 (decimal 12304)
   defining Unicode char U+3011 (decimal 12305)
   defining Unicode char U+3014 (decimal 12308)
   defining Unicode char U+3015 (decimal 12309)
   defining Unicode char U+3016 (decimal 12310)
   defining Unicode char U+3017 (decimal 12311)
   defining Unicode char U+3018 (decimal 12312)
   defining Unicode char U+3019 (decimal 12313)
   defining Unicode char U+301A (decimal 12314)
   defining Unicode char U+301B (decimal 12315)
   defining Unicode char U+FF01 (decimal 65281)
   defining Unicode char U+FF08 (decimal 65288)
   defining Unicode char U+FF09 (decimal 65289)
   defining Unicode char U+FF0C (decimal 65292)
   defining Unicode char U+FF0E (decimal 65294)
   defining Unicode char U+FF1A (decimal 65306)
   defining Unicode char U+FF1B (decimal 65307)
   defining Unicode char U+FF1C (decimal 65308)
   defining Unicode char U+FF1D (decimal 65309)
   defining Unicode char U+FF1E (decimal 65310)
   defining Unicode char U+FF1F (decimal 65311)
   defining Unicode char U+FF3B (decimal 65339)
   defining Unicode char U+FF3D (decimal 65341)
   defining Unicode char U+FF5B (decimal 65371)
   defining Unicode char U+FF5D (decimal 65373)
   defining Unicode char U+FF61 (decimal 65377)
   defining Unicode char U+FF62 (decimal 65378)
   defining Unicode char U+FF63 (decimal 65379)
   defining Unicode char U+FF64 (decimal 65380)
   defining Unicode char U+FF65 (decimal 65381)
)
\@josa=\count89
\josatoks=\toks16
 (/usr/share/texlive/texmf-dist/tex/latex/cjk-ko/kolabels-utf.sty
Package: kolabels-utf 2015/03/20 v1.5 UTF-8 Hangul item labels
))) (/home/junyoung/cs_study/git/2048-Project/document.aux)
\openout1 = `document.aux'.

LaTeX Font Info:    Checking defaults for OML/cmm/m/it on input line 7.
LaTeX Font Info:    ... okay on input line 7.
LaTeX Font Info:    Checking defaults for T1/cmr/m/n on input line 7.
LaTeX Font Info:    ... okay on input line 7.
LaTeX Font Info:    Checking defaults for OT1/cmr/m/n on input line 7.
LaTeX Font Info:    ... okay on input line 7.
LaTeX Font Info:    Checking defaults for OMS/cmsy/m/n on input line 7.
LaTeX Font Info:    ... okay on input line 7.
LaTeX Font Info:    Checking defaults for OMX/cmex/m/n on input line 7.
LaTeX Font Info:    ... okay on input line 7.
LaTeX Font Info:    Checking defaults for U/cmr/m/n on input line 7.
LaTeX Font Info:    ... okay on input line 7.
LaTeX Font Info:    Checking defaults for LUC/nanummj/m/n on input line 7.
LaTeX Font Info:    Try loading font information for LUC+nanummj on input line 7.
 (/usr/share/texlive/texmf-dist/tex/latex/nanumtype1/lucnanummj.fd
File: lucnanummj.fd 2013/02/12 v0.1 Nanum Myeongjo font definitions
)
LaTeX Font Info:    ... okay on input line 7.
LaTeX Font Info:    External font `cmex10' loaded for size
(Font)              <12> on input line 9.
LaTeX Font Info:    External font `cmex10' loaded for size
(Font)              <8> on input line 9.
LaTeX Font Info:    External font `cmex10' loaded for size
(Font)              <6> on input line 9.
 (/home/junyoung/cs_study/git/2048-Project/document.toc)
\tf@toc=\write3
\openout3 = `document.toc'.

 [1

{/var/lib/texmf/fonts/map/pdftex/updmap/pdftex.map}]
Underfull \hbox (badness 10000) in paragraph at lines 13--14

 []

[1] (/home/junyoung/cs_study/git/2048-Project/document.aux) ) 
Here is how much of TeX's memory you used:
 616 strings out of 492609
 8823 string characters out of 6131462
 70881 words of memory out of 5000000
 4567 multiletter control sequences out of 15000+600000
 11938 words of font info for 42 fonts, out of 8000000 for 9000
 1141 hyphenation exceptions out of 8191
 31i,4n,22p,214b,193s stack positions out of 5000i,500n,10000p,200000b,80000s
</usr/share/texlive/texmf-dist/fonts/type1/public/amsfonts/cm/cmbx12.pfb></usr/share/texlive/texmf-dist/fonts/type1/public/amsfonts/cm/cmr10.pfb></usr/share/texlive/texmf-dist/fonts/type1/public/amsfonts/cm/cmr17.pfb></usr/share/texlive/texmf-dist/fonts/type1/public/nanumtype1/nanummjmac.pfb></usr/share/texlive/texmf-dist/fonts/type1/public/nanumtype1/nanummjmad.pfb></usr/share/texlive/texmf-dist/fonts/type1/public/nanumtype1/nanummjmb2.pfb></usr/share/texlive/texmf-dist/fonts/type1/public/nanumtype1/nanummjmb4.pfb></usr/share/texlive/texmf-dist/fonts/type1/public/nanumtype1/nanummjmb8.pfb></usr/share/texlive/texmf-dist/fonts/type1/public/nanumtype1/nanummjmb9.pfb></usr/share/texlive/texmf-dist/fonts/type1/public/nanumtype1/nanummjmba.pfb></usr/share/texlive/texmf-dist/fonts/type1/public/nanumtype1/nanummjmbc.pfb></usr/share/texlive/texmf-dist/fonts/type1/public/nanumtype1/nanummjmbe.pfb></usr/share/texlive/texmf-dist/fonts/type1/public/nanumtype1/nanummjmc2.pfb></usr/share/texlive/texmf-dist/fonts/type1/public/nanumtype1/nanummjmc5.pfb></usr/share/texlive/texmf-dist/fonts/type1/public/nanumtype1/nanummjmc7.pfb></usr/share/texlive/texmf-dist/fonts/type1/public/nanumtype1/nanummjmcc.pfb></usr/share/texlive/texmf-dist/fonts/type1/public/nanumtype1/nanummjmd5.pfb></usr/share/texlive/texmf-dist/fonts/type1/public/nanumtype1/nanummjmd6.pfb>
Output written on /home/junyoung/cs_study/git/2048-Project/document.pdf (2 pages, 701145 bytes).
PDF statistics:
 83 PDF objects out of 1000 (max. 8388607)
 60 compressed objects within 1 object stream
 0 named destinations out of 1000 (max. 500000)
 1 words of extra memory for PDF output out of 10000 (max. 10000000)

